{"C:\\Users\\Facu\\Desktop\\digesto-trabajo\\server\\src\\server.js": {"path":"C:\\Users\\Facu\\Desktop\\digesto-trabajo\\server\\src\\server.js","statementMap":{"0":{"start":{"line":1,"column":0},"end":{"line":1,"column":27}},"1":{"start":{"line":3,"column":16},"end":{"line":3,"column":34}},"2":{"start":{"line":5,"column":13},"end":{"line":5,"column":28}},"3":{"start":{"line":7,"column":19},"end":{"line":7,"column":48}},"4":{"start":{"line":9,"column":15},"end":{"line":9,"column":40}},"5":{"start":{"line":11,"column":11},"end":{"line":11,"column":32}},"6":{"start":{"line":13,"column":13},"end":{"line":13,"column":37}},"7":{"start":{"line":15,"column":12},"end":{"line":15,"column":21}},"8":{"start":{"line":17,"column":0},"end":{"line":17,"column":16}},"9":{"start":{"line":19,"column":0},"end":{"line":19,"column":22}},"10":{"start":{"line":21,"column":0},"end":{"line":21,"column":34}},"11":{"start":{"line":23,"column":0},"end":{"line":23,"column":24}},"12":{"start":{"line":24,"column":0},"end":{"line":24,"column":30}},"13":{"start":{"line":26,"column":0},"end":{"line":26,"column":24}},"14":{"start":{"line":30,"column":0},"end":{"line":45,"column":5}},"15":{"start":{"line":34,"column":4},"end":{"line":36,"column":7}},"16":{"start":{"line":39,"column":4},"end":{"line":43,"column":6}},"17":{"start":{"line":44,"column":4},"end":{"line":44,"column":26}},"18":{"start":{"line":47,"column":0},"end":{"line":47,"column":29}}},"fnMap":{"0":{"name":"(anonymous_0)","decl":{"start":{"line":31,"column":8},"end":{"line":31,"column":9}},"loc":{"start":{"line":31,"column":20},"end":{"line":37,"column":3}},"line":31},"1":{"name":"(anonymous_1)","decl":{"start":{"line":34,"column":21},"end":{"line":34,"column":22}},"loc":{"start":{"line":34,"column":33},"end":{"line":36,"column":5}},"line":34},"2":{"name":"(anonymous_2)","decl":{"start":{"line":38,"column":9},"end":{"line":38,"column":10}},"loc":{"start":{"line":38,"column":25},"end":{"line":45,"column":3}},"line":38}},"branchMap":{"0":{"loc":{"start":{"line":13,"column":13},"end":{"line":13,"column":37}},"type":"binary-expr","locations":[{"start":{"line":13,"column":13},"end":{"line":13,"column":29}},{"start":{"line":13,"column":33},"end":{"line":13,"column":37}}],"line":13},"1":{"loc":{"start":{"line":41,"column":8},"end":{"line":41,"column":70}},"type":"binary-expr","locations":[{"start":{"line":41,"column":8},"end":{"line":41,"column":26}},{"start":{"line":41,"column":30},"end":{"line":41,"column":40}},{"start":{"line":41,"column":44},"end":{"line":41,"column":70}}],"line":41}},"s":{"0":1,"1":1,"2":1,"3":1,"4":1,"5":1,"6":1,"7":1,"8":1,"9":1,"10":1,"11":1,"12":1,"13":1,"14":1,"15":1,"16":0,"17":0,"18":1},"f":{"0":1,"1":1,"2":0},"b":{"0":[1,0],"1":[0,0,0]},"_coverageSchema":"1a1c01bbd47fc00a2c39e90264f33305004495a9","hash":"f9a06b8a1f6e932d4e8bd02bdd552faab8491812"}
,"C:\\Users\\Facu\\Desktop\\digesto-trabajo\\server\\src\\controllers\\auth.module.js": {"path":"C:\\Users\\Facu\\Desktop\\digesto-trabajo\\server\\src\\controllers\\auth.module.js","statementMap":{"0":{"start":{"line":1,"column":15},"end":{"line":1,"column":32}},"1":{"start":{"line":2,"column":12},"end":{"line":2,"column":35}},"2":{"start":{"line":4,"column":17},"end":{"line":4,"column":46}},"3":{"start":{"line":5,"column":17},"end":{"line":5,"column":39}},"4":{"start":{"line":7,"column":14},"end":{"line":39,"column":1}},"5":{"start":{"line":8,"column":15},"end":{"line":8,"column":32}},"6":{"start":{"line":9,"column":19},"end":{"line":9,"column":36}},"7":{"start":{"line":13,"column":15},"end":{"line":13,"column":52}},"8":{"start":{"line":15,"column":2},"end":{"line":38,"column":3}},"9":{"start":{"line":16,"column":4},"end":{"line":18,"column":7}},"10":{"start":{"line":20,"column":4},"end":{"line":37,"column":5}},"11":{"start":{"line":21,"column":20},"end":{"line":27,"column":7}},"12":{"start":{"line":29,"column":6},"end":{"line":32,"column":9}},"13":{"start":{"line":34,"column":6},"end":{"line":36,"column":9}},"14":{"start":{"line":41,"column":0},"end":{"line":43,"column":2}}},"fnMap":{"0":{"name":"(anonymous_0)","decl":{"start":{"line":7,"column":14},"end":{"line":7,"column":15}},"loc":{"start":{"line":7,"column":34},"end":{"line":39,"column":1}},"line":7}},"branchMap":{"0":{"loc":{"start":{"line":15,"column":2},"end":{"line":38,"column":3}},"type":"if","locations":[{"start":{"line":15,"column":2},"end":{"line":38,"column":3}},{"start":{"line":15,"column":2},"end":{"line":38,"column":3}}],"line":15},"1":{"loc":{"start":{"line":20,"column":4},"end":{"line":37,"column":5}},"type":"if","locations":[{"start":{"line":20,"column":4},"end":{"line":37,"column":5}},{"start":{"line":20,"column":4},"end":{"line":37,"column":5}}],"line":20}},"s":{"0":1,"1":1,"2":1,"3":1,"4":1,"5":4,"6":4,"7":4,"8":4,"9":2,"10":2,"11":1,"12":1,"13":1,"14":1},"f":{"0":4},"b":{"0":[2,2],"1":[1,1]},"_coverageSchema":"1a1c01bbd47fc00a2c39e90264f33305004495a9","hash":"e6ea2e149b8d7a9d564bdd5fedaabb5d9a9bb2dd"}
,"C:\\Users\\Facu\\Desktop\\digesto-trabajo\\server\\src\\database\\area.schema.js": {"path":"C:\\Users\\Facu\\Desktop\\digesto-trabajo\\server\\src\\database\\area.schema.js","statementMap":{"0":{"start":{"line":1,"column":17},"end":{"line":1,"column":36}},"1":{"start":{"line":2,"column":19},"end":{"line":2,"column":27}},"2":{"start":{"line":4,"column":19},"end":{"line":17,"column":2}},"3":{"start":{"line":19,"column":0},"end":{"line":19,"column":28}}},"fnMap":{},"branchMap":{},"s":{"0":1,"1":1,"2":1,"3":1},"f":{},"b":{},"_coverageSchema":"1a1c01bbd47fc00a2c39e90264f33305004495a9","hash":"39d17a49c5bde20a6b1e93dba6ad152ef846f3b8"}
,"C:\\Users\\Facu\\Desktop\\digesto-trabajo\\server\\src\\database\\expediente.schema.js": {"path":"C:\\Users\\Facu\\Desktop\\digesto-trabajo\\server\\src\\database\\expediente.schema.js","statementMap":{"0":{"start":{"line":1,"column":17},"end":{"line":1,"column":36}},"1":{"start":{"line":2,"column":19},"end":{"line":2,"column":27}},"2":{"start":{"line":4,"column":25},"end":{"line":19,"column":2}},"3":{"start":{"line":21,"column":0},"end":{"line":21,"column":34}}},"fnMap":{},"branchMap":{},"s":{"0":1,"1":1,"2":1,"3":1},"f":{},"b":{},"_coverageSchema":"1a1c01bbd47fc00a2c39e90264f33305004495a9","hash":"5224e99b0da4c12fc575b6847f40a5ed71d621d0"}
,"C:\\Users\\Facu\\Desktop\\digesto-trabajo\\server\\src\\database\\index.js": {"path":"C:\\Users\\Facu\\Desktop\\digesto-trabajo\\server\\src\\database\\index.js","statementMap":{"0":{"start":{"line":1,"column":17},"end":{"line":1,"column":36}},"1":{"start":{"line":3,"column":19},"end":{"line":3,"column":43}},"2":{"start":{"line":4,"column":18},"end":{"line":4,"column":52}},"3":{"start":{"line":6,"column":21},"end":{"line":6,"column":47}},"4":{"start":{"line":7,"column":20},"end":{"line":7,"column":58}},"5":{"start":{"line":9,"column":19},"end":{"line":9,"column":43}},"6":{"start":{"line":10,"column":18},"end":{"line":10,"column":52}},"7":{"start":{"line":12,"column":25},"end":{"line":12,"column":55}},"8":{"start":{"line":13,"column":24},"end":{"line":13,"column":70}},"9":{"start":{"line":15,"column":17},"end":{"line":46,"column":1}},"10":{"start":{"line":28,"column":4},"end":{"line":44,"column":7}},"11":{"start":{"line":29,"column":6},"end":{"line":36,"column":7}},"12":{"start":{"line":30,"column":8},"end":{"line":33,"column":11}},"13":{"start":{"line":35,"column":8},"end":{"line":35,"column":22}},"14":{"start":{"line":38,"column":6},"end":{"line":43,"column":7}},"15":{"start":{"line":39,"column":8},"end":{"line":39,"column":32}},"16":{"start":{"line":40,"column":8},"end":{"line":40,"column":23}},"17":{"start":{"line":42,"column":8},"end":{"line":42,"column":30}},"18":{"start":{"line":48,"column":0},"end":{"line":48,"column":26}}},"fnMap":{"0":{"name":"(anonymous_0)","decl":{"start":{"line":26,"column":2},"end":{"line":26,"column":3}},"loc":{"start":{"line":26,"column":18},"end":{"line":45,"column":3}},"line":26},"1":{"name":"(anonymous_1)","decl":{"start":{"line":28,"column":23},"end":{"line":28,"column":24}},"loc":{"start":{"line":28,"column":50},"end":{"line":44,"column":5}},"line":28}},"branchMap":{"0":{"loc":{"start":{"line":38,"column":6},"end":{"line":43,"column":7}},"type":"if","locations":[{"start":{"line":38,"column":6},"end":{"line":43,"column":7}},{"start":{"line":38,"column":6},"end":{"line":43,"column":7}}],"line":38}},"s":{"0":1,"1":1,"2":1,"3":1,"4":1,"5":1,"6":1,"7":1,"8":1,"9":1,"10":1,"11":1,"12":1,"13":0,"14":1,"15":1,"16":1,"17":0,"18":1},"f":{"0":1,"1":1},"b":{"0":[1,0]},"_coverageSchema":"1a1c01bbd47fc00a2c39e90264f33305004495a9","hash":"d5c11f96f95c43684fe07257125628fdfa37b30e"}
,"C:\\Users\\Facu\\Desktop\\digesto-trabajo\\server\\src\\database\\upload.schema.js": {"path":"C:\\Users\\Facu\\Desktop\\digesto-trabajo\\server\\src\\database\\upload.schema.js","statementMap":{"0":{"start":{"line":1,"column":17},"end":{"line":1,"column":36}},"1":{"start":{"line":2,"column":19},"end":{"line":2,"column":27}},"2":{"start":{"line":4,"column":21},"end":{"line":16,"column":2}},"3":{"start":{"line":18,"column":0},"end":{"line":18,"column":30}}},"fnMap":{},"branchMap":{},"s":{"0":1,"1":1,"2":1,"3":1},"f":{},"b":{},"_coverageSchema":"1a1c01bbd47fc00a2c39e90264f33305004495a9","hash":"2a331a08be371f13d8dd9ad1d4d027a4f0923e72"}
,"C:\\Users\\Facu\\Desktop\\digesto-trabajo\\server\\src\\database\\user.schema.js": {"path":"C:\\Users\\Facu\\Desktop\\digesto-trabajo\\server\\src\\database\\user.schema.js","statementMap":{"0":{"start":{"line":1,"column":17},"end":{"line":1,"column":36}},"1":{"start":{"line":2,"column":19},"end":{"line":2,"column":27}},"2":{"start":{"line":4,"column":19},"end":{"line":12,"column":2}},"3":{"start":{"line":14,"column":0},"end":{"line":14,"column":28}}},"fnMap":{},"branchMap":{},"s":{"0":1,"1":1,"2":1,"3":1},"f":{},"b":{},"_coverageSchema":"1a1c01bbd47fc00a2c39e90264f33305004495a9","hash":"99e1e7cb09dd57bc7f06b8be541a20b6abf95ecc"}
,"C:\\Users\\Facu\\Desktop\\digesto-trabajo\\server\\src\\routes\\auth.route.js": {"path":"C:\\Users\\Facu\\Desktop\\digesto-trabajo\\server\\src\\routes\\auth.route.js","statementMap":{"0":{"start":{"line":1,"column":16},"end":{"line":1,"column":34}},"1":{"start":{"line":3,"column":18},"end":{"line":3,"column":55}},"2":{"start":{"line":5,"column":15},"end":{"line":5,"column":31}},"3":{"start":{"line":7,"column":0},"end":{"line":7,"column":24}},"4":{"start":{"line":9,"column":0},"end":{"line":9,"column":24}}},"fnMap":{},"branchMap":{},"s":{"0":1,"1":1,"2":1,"3":1,"4":1},"f":{},"b":{},"_coverageSchema":"1a1c01bbd47fc00a2c39e90264f33305004495a9","hash":"1a54a3bcc5ba89bc4de45e22b791827190dca450"}
,"C:\\Users\\Facu\\Desktop\\digesto-trabajo\\server\\src\\routes\\index.js": {"path":"C:\\Users\\Facu\\Desktop\\digesto-trabajo\\server\\src\\routes\\index.js","statementMap":{"0":{"start":{"line":6,"column":16},"end":{"line":6,"column":34}},"1":{"start":{"line":8,"column":13},"end":{"line":8,"column":36}},"2":{"start":{"line":9,"column":15},"end":{"line":9,"column":40}},"3":{"start":{"line":10,"column":20},"end":{"line":10,"column":50}},"4":{"start":{"line":12,"column":15},"end":{"line":12,"column":31}},"5":{"start":{"line":15,"column":0},"end":{"line":18,"column":3}},"6":{"start":{"line":17,"column":2},"end":{"line":17,"column":9}},"7":{"start":{"line":20,"column":0},"end":{"line":20,"column":61}},"8":{"start":{"line":20,"column":30},"end":{"line":20,"column":59}},"9":{"start":{"line":22,"column":0},"end":{"line":22,"column":26}},"10":{"start":{"line":24,"column":0},"end":{"line":24,"column":30}},"11":{"start":{"line":26,"column":0},"end":{"line":26,"column":40}},"12":{"start":{"line":28,"column":0},"end":{"line":28,"column":24}}},"fnMap":{"0":{"name":"timeLog","decl":{"start":{"line":15,"column":20},"end":{"line":15,"column":27}},"loc":{"start":{"line":15,"column":44},"end":{"line":18,"column":1}},"line":15},"1":{"name":"(anonymous_1)","decl":{"start":{"line":20,"column":16},"end":{"line":20,"column":17}},"loc":{"start":{"line":20,"column":30},"end":{"line":20,"column":59}},"line":20}},"branchMap":{},"s":{"0":1,"1":1,"2":1,"3":1,"4":1,"5":1,"6":4,"7":1,"8":0,"9":1,"10":1,"11":1,"12":1},"f":{"0":4,"1":0},"b":{},"_coverageSchema":"1a1c01bbd47fc00a2c39e90264f33305004495a9","hash":"17610ca10a0da4488d249d3dab92aa7d72d41ef9"}
,"C:\\Users\\Facu\\Desktop\\digesto-trabajo\\server\\src\\routes\\makeSection.route.js": {"path":"C:\\Users\\Facu\\Desktop\\digesto-trabajo\\server\\src\\routes\\makeSection.route.js","statementMap":{"0":{"start":{"line":1,"column":16},"end":{"line":1,"column":34}},"1":{"start":{"line":2,"column":11},"end":{"line":2,"column":24}},"2":{"start":{"line":3,"column":13},"end":{"line":3,"column":28}},"3":{"start":{"line":4,"column":24},"end":{"line":4,"column":42}},"4":{"start":{"line":6,"column":11},"end":{"line":6,"column":33}},"5":{"start":{"line":8,"column":17},"end":{"line":8,"column":46}},"6":{"start":{"line":10,"column":15},"end":{"line":10,"column":31}},"7":{"start":{"line":12,"column":15},"end":{"line":12,"column":68}},"8":{"start":{"line":14,"column":0},"end":{"line":56,"column":3}},"9":{"start":{"line":15,"column":25},"end":{"line":15,"column":33}},"10":{"start":{"line":17,"column":19},"end":{"line":17,"column":50}},"11":{"start":{"line":19,"column":16},"end":{"line":19,"column":65}},"12":{"start":{"line":21,"column":14},"end":{"line":21,"column":40}},"13":{"start":{"line":23,"column":23},"end":{"line":23,"column":73}},"14":{"start":{"line":25,"column":13},"end":{"line":25,"column":14}},"15":{"start":{"line":27,"column":2},"end":{"line":32,"column":3}},"16":{"start":{"line":28,"column":4},"end":{"line":30,"column":5}},"17":{"start":{"line":29,"column":6},"end":{"line":29,"column":24}},"18":{"start":{"line":31,"column":4},"end":{"line":31,"column":11}},"19":{"start":{"line":34,"column":16},"end":{"line":37,"column":4}},"20":{"start":{"line":39,"column":2},"end":{"line":53,"column":3}},"21":{"start":{"line":40,"column":16},"end":{"line":43,"column":6}},"22":{"start":{"line":45,"column":25},"end":{"line":45,"column":43}},"23":{"start":{"line":47,"column":4},"end":{"line":47,"column":30}},"24":{"start":{"line":49,"column":20},"end":{"line":52,"column":5}},"25":{"start":{"line":55,"column":2},"end":{"line":55,"column":71}},"26":{"start":{"line":58,"column":0},"end":{"line":58,"column":24}}},"fnMap":{"0":{"name":"(anonymous_0)","decl":{"start":{"line":14,"column":17},"end":{"line":14,"column":18}},"loc":{"start":{"line":14,"column":37},"end":{"line":56,"column":1}},"line":14}},"branchMap":{"0":{"loc":{"start":{"line":28,"column":4},"end":{"line":30,"column":5}},"type":"if","locations":[{"start":{"line":28,"column":4},"end":{"line":30,"column":5}},{"start":{"line":28,"column":4},"end":{"line":30,"column":5}}],"line":28},"1":{"loc":{"start":{"line":28,"column":8},"end":{"line":28,"column":46}},"type":"binary-expr","locations":[{"start":{"line":28,"column":8},"end":{"line":28,"column":25}},{"start":{"line":28,"column":29},"end":{"line":28,"column":46}}],"line":28},"2":{"loc":{"start":{"line":39,"column":2},"end":{"line":53,"column":3}},"type":"if","locations":[{"start":{"line":39,"column":2},"end":{"line":53,"column":3}},{"start":{"line":39,"column":2},"end":{"line":53,"column":3}}],"line":39}},"s":{"0":1,"1":1,"2":1,"3":1,"4":1,"5":1,"6":1,"7":1,"8":1,"9":0,"10":0,"11":0,"12":0,"13":0,"14":0,"15":0,"16":0,"17":0,"18":0,"19":0,"20":0,"21":0,"22":0,"23":0,"24":0,"25":0,"26":1},"f":{"0":0},"b":{"0":[0,0],"1":[0,0],"2":[0,0]},"_coverageSchema":"1a1c01bbd47fc00a2c39e90264f33305004495a9","hash":"3b70585398d9b378a740dac024c32adf221610d2"}
,"C:\\Users\\Facu\\Desktop\\digesto-trabajo\\server\\src\\routes\\upload.route.js": {"path":"C:\\Users\\Facu\\Desktop\\digesto-trabajo\\server\\src\\routes\\upload.route.js","statementMap":{"0":{"start":{"line":1,"column":16},"end":{"line":1,"column":34}},"1":{"start":{"line":2,"column":11},"end":{"line":2,"column":24}},"2":{"start":{"line":3,"column":13},"end":{"line":3,"column":28}},"3":{"start":{"line":5,"column":11},"end":{"line":5,"column":33}},"4":{"start":{"line":7,"column":17},"end":{"line":7,"column":46}},"5":{"start":{"line":9,"column":15},"end":{"line":9,"column":31}},"6":{"start":{"line":11,"column":15},"end":{"line":11,"column":68}},"7":{"start":{"line":13,"column":0},"end":{"line":15,"column":1}},"8":{"start":{"line":14,"column":2},"end":{"line":14,"column":23}},"9":{"start":{"line":17,"column":0},"end":{"line":21,"column":1}},"10":{"start":{"line":20,"column":2},"end":{"line":20,"column":79}},"11":{"start":{"line":23,"column":0},"end":{"line":53,"column":3}},"12":{"start":{"line":24,"column":2},"end":{"line":52,"column":3}},"13":{"start":{"line":25,"column":21},"end":{"line":25,"column":46}},"14":{"start":{"line":27,"column":17},"end":{"line":27,"column":36}},"15":{"start":{"line":29,"column":4},"end":{"line":31,"column":5}},"16":{"start":{"line":30,"column":6},"end":{"line":30,"column":79}},"17":{"start":{"line":33,"column":4},"end":{"line":33,"column":56}},"18":{"start":{"line":35,"column":21},"end":{"line":35,"column":61}},"19":{"start":{"line":37,"column":4},"end":{"line":45,"column":5}},"20":{"start":{"line":39,"column":21},"end":{"line":43,"column":8}},"21":{"start":{"line":44,"column":6},"end":{"line":44,"column":26}},"22":{"start":{"line":47,"column":4},"end":{"line":49,"column":7}},"23":{"start":{"line":51,"column":4},"end":{"line":51,"column":41}},"24":{"start":{"line":55,"column":0},"end":{"line":70,"column":3}},"25":{"start":{"line":60,"column":18},"end":{"line":60,"column":28}},"26":{"start":{"line":62,"column":16},"end":{"line":64,"column":4}},"27":{"start":{"line":66,"column":2},"end":{"line":69,"column":5}},"28":{"start":{"line":72,"column":0},"end":{"line":72,"column":24}}},"fnMap":{"0":{"name":"(anonymous_0)","decl":{"start":{"line":23,"column":17},"end":{"line":23,"column":18}},"loc":{"start":{"line":23,"column":37},"end":{"line":53,"column":1}},"line":23},"1":{"name":"(anonymous_1)","decl":{"start":{"line":55,"column":26},"end":{"line":55,"column":27}},"loc":{"start":{"line":55,"column":46},"end":{"line":70,"column":1}},"line":55}},"branchMap":{"0":{"loc":{"start":{"line":13,"column":0},"end":{"line":15,"column":1}},"type":"if","locations":[{"start":{"line":13,"column":0},"end":{"line":15,"column":1}},{"start":{"line":13,"column":0},"end":{"line":15,"column":1}}],"line":13},"1":{"loc":{"start":{"line":17,"column":0},"end":{"line":21,"column":1}},"type":"if","locations":[{"start":{"line":17,"column":0},"end":{"line":21,"column":1}},{"start":{"line":17,"column":0},"end":{"line":21,"column":1}}],"line":17},"2":{"loc":{"start":{"line":29,"column":4},"end":{"line":31,"column":5}},"type":"if","locations":[{"start":{"line":29,"column":4},"end":{"line":31,"column":5}},{"start":{"line":29,"column":4},"end":{"line":31,"column":5}}],"line":29},"3":{"loc":{"start":{"line":37,"column":4},"end":{"line":45,"column":5}},"type":"if","locations":[{"start":{"line":37,"column":4},"end":{"line":45,"column":5}},{"start":{"line":37,"column":4},"end":{"line":45,"column":5}}],"line":37}},"s":{"0":1,"1":1,"2":1,"3":1,"4":1,"5":1,"6":1,"7":1,"8":0,"9":1,"10":0,"11":1,"12":0,"13":0,"14":0,"15":0,"16":0,"17":0,"18":0,"19":0,"20":0,"21":0,"22":0,"23":0,"24":1,"25":0,"26":0,"27":0,"28":1},"f":{"0":0,"1":0},"b":{"0":[0,1],"1":[0,1],"2":[0,0],"3":[0,0]},"_coverageSchema":"1a1c01bbd47fc00a2c39e90264f33305004495a9","hash":"2fe04e4fdf067117daf627f9d5af59b439dc0e7d"}
,"C:\\Users\\Facu\\Desktop\\digesto-trabajo\\server\\src\\utils\\responses.js": {"path":"C:\\Users\\Facu\\Desktop\\digesto-trabajo\\server\\src\\utils\\responses.js","statementMap":{"0":{"start":{"line":1,"column":17},"end":{"line":14,"column":1}},"1":{"start":{"line":3,"column":4},"end":{"line":6,"column":7}},"2":{"start":{"line":9,"column":4},"end":{"line":12,"column":7}},"3":{"start":{"line":16,"column":0},"end":{"line":16,"column":26}}},"fnMap":{"0":{"name":"(anonymous_0)","decl":{"start":{"line":2,"column":6},"end":{"line":2,"column":7}},"loc":{"start":{"line":2,"column":21},"end":{"line":7,"column":3}},"line":2},"1":{"name":"(anonymous_1)","decl":{"start":{"line":8,"column":8},"end":{"line":8,"column":9}},"loc":{"start":{"line":8,"column":23},"end":{"line":13,"column":3}},"line":8}},"branchMap":{},"s":{"0":1,"1":1,"2":3,"3":1},"f":{"0":1,"1":3},"b":{},"_coverageSchema":"1a1c01bbd47fc00a2c39e90264f33305004495a9","hash":"a4b1cf5ee9f85131c033ef6c5d16c3d87627413f"}
}
